  main.cpp
d:\bai tap\do_an_ctdl\ql_chuyen_bay_pro_plus_xs_max\ql_chuyen_bay_pro_plus_xs_max\ql_chuyen_bay\dohoa.h(363): warning C4805: '==': unsafe mix of type 'int' and type 'bool' in operation
d:\bai tap\do_an_ctdl\ql_chuyen_bay_pro_plus_xs_max\ql_chuyen_bay_pro_plus_xs_max\ql_chuyen_bay\dohoa.h(363): warning C4996: 'kbhit': The POSIX name for this item is deprecated. Instead, use the ISO C and C++ conformant name: _kbhit. See online help for details.
  c:\program files (x86)\windows kits\10\include\10.0.10240.0\ucrt\conio.h(458): note: see declaration of 'kbhit'
d:\bai tap\do_an_ctdl\ql_chuyen_bay_pro_plus_xs_max\ql_chuyen_bay_pro_plus_xs_max\ql_chuyen_bay\dohoa.h(381): warning C4996: 'localtime': This function or variable may be unsafe. Consider using localtime_s instead. To disable deprecation, use _CRT_SECURE_NO_WARNINGS. See online help for details.
  c:\program files (x86)\windows kits\10\include\10.0.10240.0\ucrt\time.h(505): note: see declaration of 'localtime'
d:\bai tap\do_an_ctdl\ql_chuyen_bay_pro_plus_xs_max\ql_chuyen_bay_pro_plus_xs_max\ql_chuyen_bay\dohoa.h(509): warning C4805: '==': unsafe mix of type 'int' and type 'bool' in operation
d:\bai tap\do_an_ctdl\ql_chuyen_bay_pro_plus_xs_max\ql_chuyen_bay_pro_plus_xs_max\ql_chuyen_bay\dohoa.h(509): warning C4996: 'kbhit': The POSIX name for this item is deprecated. Instead, use the ISO C and C++ conformant name: _kbhit. See online help for details.
  c:\program files (x86)\windows kits\10\include\10.0.10240.0\ucrt\conio.h(458): note: see declaration of 'kbhit'
d:\bai tap\do_an_ctdl\ql_chuyen_bay_pro_plus_xs_max\ql_chuyen_bay_pro_plus_xs_max\ql_chuyen_bay\dohoa.h(564): warning C4805: '==': unsafe mix of type 'int' and type 'bool' in operation
d:\bai tap\do_an_ctdl\ql_chuyen_bay_pro_plus_xs_max\ql_chuyen_bay_pro_plus_xs_max\ql_chuyen_bay\dohoa.h(564): warning C4996: 'kbhit': The POSIX name for this item is deprecated. Instead, use the ISO C and C++ conformant name: _kbhit. See online help for details.
  c:\program files (x86)\windows kits\10\include\10.0.10240.0\ucrt\conio.h(458): note: see declaration of 'kbhit'
d:\bai tap\do_an_ctdl\ql_chuyen_bay_pro_plus_xs_max\ql_chuyen_bay_pro_plus_xs_max\ql_chuyen_bay\hamxuly.h(146): warning C4018: '<': signed/unsigned mismatch
d:\bai tap\do_an_ctdl\ql_chuyen_bay_pro_plus_xs_max\ql_chuyen_bay_pro_plus_xs_max\ql_chuyen_bay\hamxuly.h(148): warning C4244: '+=': conversion from 'double' to 'int', possible loss of data
d:\bai tap\do_an_ctdl\ql_chuyen_bay_pro_plus_xs_max\ql_chuyen_bay_pro_plus_xs_max\ql_chuyen_bay\hamxuly.h(199): warning C4018: '<': signed/unsigned mismatch
d:\bai tap\do_an_ctdl\ql_chuyen_bay_pro_plus_xs_max\ql_chuyen_bay_pro_plus_xs_max\ql_chuyen_bay\hamxuly.h(224): warning C4018: '<': signed/unsigned mismatch
d:\bai tap\do_an_ctdl\ql_chuyen_bay_pro_plus_xs_max\ql_chuyen_bay_pro_plus_xs_max\ql_chuyen_bay\hamxuly.h(236): warning C4018: '<': signed/unsigned mismatch
d:\bai tap\do_an_ctdl\ql_chuyen_bay_pro_plus_xs_max\ql_chuyen_bay_pro_plus_xs_max\ql_chuyen_bay\hamxuly.h(244): warning C4018: '<=': signed/unsigned mismatch
d:\bai tap\do_an_ctdl\ql_chuyen_bay_pro_plus_xs_max\ql_chuyen_bay_pro_plus_xs_max\ql_chuyen_bay\hamxuly.h(260): warning C4018: '<': signed/unsigned mismatch
d:\bai tap\do_an_ctdl\ql_chuyen_bay_pro_plus_xs_max\ql_chuyen_bay_pro_plus_xs_max\ql_chuyen_bay\hamxuly.h(272): warning C4996: 'localtime': This function or variable may be unsafe. Consider using localtime_s instead. To disable deprecation, use _CRT_SECURE_NO_WARNINGS. See online help for details.
  c:\program files (x86)\windows kits\10\include\10.0.10240.0\ucrt\time.h(505): note: see declaration of 'localtime'
d:\bai tap\do_an_ctdl\ql_chuyen_bay_pro_plus_xs_max\ql_chuyen_bay_pro_plus_xs_max\ql_chuyen_bay\hamxuly.h(285): warning C4996: 'localtime': This function or variable may be unsafe. Consider using localtime_s instead. To disable deprecation, use _CRT_SECURE_NO_WARNINGS. See online help for details.
  c:\program files (x86)\windows kits\10\include\10.0.10240.0\ucrt\time.h(505): note: see declaration of 'localtime'
d:\bai tap\do_an_ctdl\ql_chuyen_bay_pro_plus_xs_max\ql_chuyen_bay_pro_plus_xs_max\ql_chuyen_bay\hamxuly.h(965): warning C4554: '&': check operator precedence for possible error; use parentheses to clarify precedence
d:\bai tap\do_an_ctdl\ql_chuyen_bay_pro_plus_xs_max\ql_chuyen_bay_pro_plus_xs_max\ql_chuyen_bay\hamxuly.h(997): warning C4018: '<': signed/unsigned mismatch
d:\bai tap\do_an_ctdl\ql_chuyen_bay_pro_plus_xs_max\ql_chuyen_bay_pro_plus_xs_max\ql_chuyen_bay\hamxuly.h(1009): warning C4018: '<': signed/unsigned mismatch
d:\bai tap\do_an_ctdl\ql_chuyen_bay_pro_plus_xs_max\ql_chuyen_bay_pro_plus_xs_max\ql_chuyen_bay\hamxuly.h(1033): warning C4805: '==': unsafe mix of type 'int' and type 'bool' in operation
d:\bai tap\do_an_ctdl\ql_chuyen_bay_pro_plus_xs_max\ql_chuyen_bay_pro_plus_xs_max\ql_chuyen_bay\hamxuly.h(1063): warning C4552: '+': operator has no effect; expected operator with side-effect
d:\bai tap\do_an_ctdl\ql_chuyen_bay_pro_plus_xs_max\ql_chuyen_bay_pro_plus_xs_max\ql_chuyen_bay\hamxuly.h(1033): warning C4996: 'kbhit': The POSIX name for this item is deprecated. Instead, use the ISO C and C++ conformant name: _kbhit. See online help for details.
  c:\program files (x86)\windows kits\10\include\10.0.10240.0\ucrt\conio.h(458): note: see declaration of 'kbhit'
d:\bai tap\do_an_ctdl\ql_chuyen_bay_pro_plus_xs_max\ql_chuyen_bay_pro_plus_xs_max\ql_chuyen_bay\hamxuly.h(1152): warning C4018: '<': signed/unsigned mismatch
d:\bai tap\do_an_ctdl\ql_chuyen_bay_pro_plus_xs_max\ql_chuyen_bay_pro_plus_xs_max\ql_chuyen_bay\maybay.h(597): warning C4805: '==': unsafe mix of type 'int' and type 'bool' in operation
d:\bai tap\do_an_ctdl\ql_chuyen_bay_pro_plus_xs_max\ql_chuyen_bay_pro_plus_xs_max\ql_chuyen_bay\maybay.h(597): warning C4996: 'kbhit': The POSIX name for this item is deprecated. Instead, use the ISO C and C++ conformant name: _kbhit. See online help for details.
  c:\program files (x86)\windows kits\10\include\10.0.10240.0\ucrt\conio.h(458): note: see declaration of 'kbhit'
d:\bai tap\do_an_ctdl\ql_chuyen_bay_pro_plus_xs_max\ql_chuyen_bay_pro_plus_xs_max\ql_chuyen_bay\hanhkhach.h(3): warning C4068: unknown pragma
d:\bai tap\do_an_ctdl\ql_chuyen_bay_pro_plus_xs_max\ql_chuyen_bay_pro_plus_xs_max\ql_chuyen_bay\hanhkhach.h(132): warning C4018: '<': signed/unsigned mismatch
d:\bai tap\do_an_ctdl\ql_chuyen_bay_pro_plus_xs_max\ql_chuyen_bay_pro_plus_xs_max\ql_chuyen_bay\chuyenbay.h(228): warning C4102: 'NhapLaiNgay': unreferenced label
d:\bai tap\do_an_ctdl\ql_chuyen_bay_pro_plus_xs_max\ql_chuyen_bay_pro_plus_xs_max\ql_chuyen_bay\chuyenbay.h(477): warning C4101: 'kt': unreferenced local variable
d:\bai tap\do_an_ctdl\ql_chuyen_bay_pro_plus_xs_max\ql_chuyen_bay_pro_plus_xs_max\ql_chuyen_bay\main.cpp(632): warning C4101: 'temp': unreferenced local variable
d:\bai tap\do_an_ctdl\ql_chuyen_bay_pro_plus_xs_max\ql_chuyen_bay_pro_plus_xs_max\ql_chuyen_bay\mylib.h(18): warning C4172: returning address of local variable or temporary: S
d:\bai tap\do_an_ctdl\ql_chuyen_bay_pro_plus_xs_max\ql_chuyen_bay_pro_plus_xs_max\ql_chuyen_bay\hamxuly.h(353): warning C4715: 'chuyenTrangThai': not all control paths return a value
  QL_Chuyen_bay.vcxproj -> D:\Bai tap\Do_an_CTDL\QL_Chuyen_bay_Pro_Plus_XS_Max\QL_Chuyen_bay_Pro_Plus_XS_Max\Debug\QL_Chuyen_bay.exe
  QL_Chuyen_bay.vcxproj -> D:\Bai tap\Do_an_CTDL\QL_Chuyen_bay_Pro_Plus_XS_Max\QL_Chuyen_bay_Pro_Plus_XS_Max\Debug\QL_Chuyen_bay.pdb (Full PDB)
